[0.010s] Invoking command in '/home/naserddinee0/vtol_ws/build/vtol_description': CMAKE_PREFIX_PATH=/opt/ros/humble /usr/bin/cmake /home/naserddinee0/vtol_ws/src/vtol_description -DCMAKE_INSTALL_PREFIX=/home/naserddinee0/vtol_ws/install/vtol_description
[0.165s] -- The C compiler identification is GNU 11.4.0
[0.664s] -- The CXX compiler identification is GNU 11.4.0
[1.028s] -- Detecting C compiler ABI info
[1.195s] -- Detecting C compiler ABI info - done
[1.203s] -- Check for working C compiler: /usr/bin/cc - skipped
[1.204s] -- Detecting C compile features
[1.204s] -- Detecting C compile features - done
[1.208s] -- Detecting CXX compiler ABI info
[1.382s] -- Detecting CXX compiler ABI info - done
[1.390s] -- Check for working CXX compiler: /usr/bin/c++ - skipped
[1.391s] -- Detecting CXX compile features
[1.391s] -- Detecting CXX compile features - done
[1.394s] -- Found ament_cmake: 1.3.12 (/opt/ros/humble/share/ament_cmake/cmake)
[1.569s] -- Found Python3: /usr/bin/python3 (found version "3.10.12") found components: Interpreter 
[1.681s] -- Found ament_lint_auto: 0.12.14 (/opt/ros/humble/share/ament_lint_auto/cmake)
[1.771s] -- Added test 'lint_cmake' to check CMake code style
[1.773s] -- Added test 'xmllint' to check XML markup files
[1.776s] -- Configuring done
[1.783s] -- Generating done
[1.791s] -- Build files have been written to: /home/naserddinee0/vtol_ws/build/vtol_description
[1.796s] Invoked command in '/home/naserddinee0/vtol_ws/build/vtol_description' returned '0': CMAKE_PREFIX_PATH=/opt/ros/humble /usr/bin/cmake /home/naserddinee0/vtol_ws/src/vtol_description -DCMAKE_INSTALL_PREFIX=/home/naserddinee0/vtol_ws/install/vtol_description
[1.799s] Invoking command in '/home/naserddinee0/vtol_ws/build/vtol_description': CMAKE_PREFIX_PATH=/opt/ros/humble /usr/bin/cmake --build /home/naserddinee0/vtol_ws/build/vtol_description -- -j8 -l8
[1.844s] Invoked command in '/home/naserddinee0/vtol_ws/build/vtol_description' returned '0': CMAKE_PREFIX_PATH=/opt/ros/humble /usr/bin/cmake --build /home/naserddinee0/vtol_ws/build/vtol_description -- -j8 -l8
[1.844s] Invoking command in '/home/naserddinee0/vtol_ws/build/vtol_description': CMAKE_PREFIX_PATH=/opt/ros/humble /usr/bin/cmake --install /home/naserddinee0/vtol_ws/build/vtol_description
[1.852s] -- Install configuration: ""
[1.861s] -- Installing: /home/naserddinee0/vtol_ws/install/vtol_description/share/ament_index/resource_index/package_run_dependencies/vtol_description
[1.861s] -- Installing: /home/naserddinee0/vtol_ws/install/vtol_description/share/ament_index/resource_index/parent_prefix_path/vtol_description
[1.862s] -- Installing: /home/naserddinee0/vtol_ws/install/vtol_description/share/vtol_description/environment/ament_prefix_path.sh
[1.863s] -- Installing: /home/naserddinee0/vtol_ws/install/vtol_description/share/vtol_description/environment/ament_prefix_path.dsv
[1.863s] -- Installing: /home/naserddinee0/vtol_ws/install/vtol_description/share/vtol_description/environment/path.sh
[1.863s] -- Installing: /home/naserddinee0/vtol_ws/install/vtol_description/share/vtol_description/environment/path.dsv
[1.863s] -- Installing: /home/naserddinee0/vtol_ws/install/vtol_description/share/vtol_description/local_setup.bash
[1.864s] -- Installing: /home/naserddinee0/vtol_ws/install/vtol_description/share/vtol_description/local_setup.sh
[1.864s] -- Installing: /home/naserddinee0/vtol_ws/install/vtol_description/share/vtol_description/local_setup.zsh
[1.864s] -- Installing: /home/naserddinee0/vtol_ws/install/vtol_description/share/vtol_description/local_setup.dsv
[1.864s] -- Installing: /home/naserddinee0/vtol_ws/install/vtol_description/share/vtol_description/package.dsv
[1.865s] -- Installing: /home/naserddinee0/vtol_ws/install/vtol_description/share/ament_index/resource_index/packages/vtol_description
[1.866s] -- Installing: /home/naserddinee0/vtol_ws/install/vtol_description/share/vtol_description/cmake/vtol_descriptionConfig.cmake
[1.866s] -- Installing: /home/naserddinee0/vtol_ws/install/vtol_description/share/vtol_description/cmake/vtol_descriptionConfig-version.cmake
[1.866s] -- Installing: /home/naserddinee0/vtol_ws/install/vtol_description/share/vtol_description/package.xml
[1.869s] Invoked command in '/home/naserddinee0/vtol_ws/build/vtol_description' returned '0': CMAKE_PREFIX_PATH=/opt/ros/humble /usr/bin/cmake --install /home/naserddinee0/vtol_ws/build/vtol_description
