[0.024s] Invoking command in '/home/naserddinee0/vtol_ws/build/vtol_control': CMAKE_PREFIX_PATH=/opt/ros/humble /usr/bin/cmake /home/naserddinee0/vtol_ws/src/vtol_control -DCMAKE_INSTALL_PREFIX=/home/naserddinee0/vtol_ws/install/vtol_control
[0.446s] -- The C compiler identification is GNU 11.4.0
[1.086s] -- The CXX compiler identification is GNU 11.4.0
[1.462s] -- Detecting C compiler ABI info
[1.630s] -- Detecting C compiler ABI info - done
[1.638s] -- Check for working C compiler: /usr/bin/cc - skipped
[1.645s] -- Detecting C compile features
[1.647s] -- Detecting C compile features - done
[1.654s] -- Detecting CXX compiler ABI info
[1.831s] -- Detecting CXX compiler ABI info - done
[1.839s] -- Check for working CXX compiler: /usr/bin/c++ - skipped
[1.840s] -- Detecting CXX compile features
[1.840s] -- Detecting CXX compile features - done
[1.860s] -- Found ament_cmake: 1.3.12 (/opt/ros/humble/share/ament_cmake/cmake)
[2.046s] -- Found Python3: /usr/bin/python3 (found version "3.10.12") found components: Interpreter 
[2.250s] -- Found ament_lint_auto: 0.12.14 (/opt/ros/humble/share/ament_lint_auto/cmake)
[2.406s] -- Added test 'lint_cmake' to check CMake code style
[2.409s] -- Added test 'xmllint' to check XML markup files
[2.413s] -- Configuring done
[2.419s] -- Generating done
[2.422s] -- Build files have been written to: /home/naserddinee0/vtol_ws/build/vtol_control
[2.427s] Invoked command in '/home/naserddinee0/vtol_ws/build/vtol_control' returned '0': CMAKE_PREFIX_PATH=/opt/ros/humble /usr/bin/cmake /home/naserddinee0/vtol_ws/src/vtol_control -DCMAKE_INSTALL_PREFIX=/home/naserddinee0/vtol_ws/install/vtol_control
[2.429s] Invoking command in '/home/naserddinee0/vtol_ws/build/vtol_control': CMAKE_PREFIX_PATH=/opt/ros/humble /usr/bin/cmake --build /home/naserddinee0/vtol_ws/build/vtol_control -- -j8 -l8
[2.474s] Invoked command in '/home/naserddinee0/vtol_ws/build/vtol_control' returned '0': CMAKE_PREFIX_PATH=/opt/ros/humble /usr/bin/cmake --build /home/naserddinee0/vtol_ws/build/vtol_control -- -j8 -l8
[2.486s] Invoking command in '/home/naserddinee0/vtol_ws/build/vtol_control': CMAKE_PREFIX_PATH=/opt/ros/humble /usr/bin/cmake --install /home/naserddinee0/vtol_ws/build/vtol_control
[2.494s] -- Install configuration: ""
[2.501s] -- Installing: /home/naserddinee0/vtol_ws/install/vtol_control/share/ament_index/resource_index/package_run_dependencies/vtol_control
[2.502s] -- Installing: /home/naserddinee0/vtol_ws/install/vtol_control/share/ament_index/resource_index/parent_prefix_path/vtol_control
[2.502s] -- Installing: /home/naserddinee0/vtol_ws/install/vtol_control/share/vtol_control/environment/ament_prefix_path.sh
[2.503s] -- Installing: /home/naserddinee0/vtol_ws/install/vtol_control/share/vtol_control/environment/ament_prefix_path.dsv
[2.503s] -- Installing: /home/naserddinee0/vtol_ws/install/vtol_control/share/vtol_control/environment/path.sh
[2.503s] -- Installing: /home/naserddinee0/vtol_ws/install/vtol_control/share/vtol_control/environment/path.dsv
[2.503s] -- Installing: /home/naserddinee0/vtol_ws/install/vtol_control/share/vtol_control/local_setup.bash
[2.504s] -- Installing: /home/naserddinee0/vtol_ws/install/vtol_control/share/vtol_control/local_setup.sh
[2.504s] -- Installing: /home/naserddinee0/vtol_ws/install/vtol_control/share/vtol_control/local_setup.zsh
[2.504s] -- Installing: /home/naserddinee0/vtol_ws/install/vtol_control/share/vtol_control/local_setup.dsv
[2.504s] -- Installing: /home/naserddinee0/vtol_ws/install/vtol_control/share/vtol_control/package.dsv
[2.505s] -- Installing: /home/naserddinee0/vtol_ws/install/vtol_control/share/ament_index/resource_index/packages/vtol_control
[2.506s] -- Installing: /home/naserddinee0/vtol_ws/install/vtol_control/share/vtol_control/cmake/vtol_controlConfig.cmake
[2.506s] -- Installing: /home/naserddinee0/vtol_ws/install/vtol_control/share/vtol_control/cmake/vtol_controlConfig-version.cmake
[2.506s] -- Installing: /home/naserddinee0/vtol_ws/install/vtol_control/share/vtol_control/package.xml
[2.509s] Invoked command in '/home/naserddinee0/vtol_ws/build/vtol_control' returned '0': CMAKE_PREFIX_PATH=/opt/ros/humble /usr/bin/cmake --install /home/naserddinee0/vtol_ws/build/vtol_control
