[0.386s] DEBUG:colcon:Command line arguments: ['/usr/bin/colcon', 'build', '--executor', 'sequential']
[0.386s] DEBUG:colcon:Parsed command line arguments: Namespace(log_base=None, log_level=None, verb_name='build', build_base='build', install_base='install', merge_install=False, symlink_install=False, test_result_base=None, continue_on_error=False, executor='sequential', parallel_workers=8, event_handlers=None, ignore_user_meta=False, metas=['./colcon.meta'], base_paths=['.'], packages_ignore=None, packages_ignore_regex=None, paths=None, packages_up_to=None, packages_up_to_regex=None, packages_above=None, packages_above_and_dependencies=None, packages_above_depth=None, packages_select_by_dep=None, packages_skip_by_dep=None, packages_skip_up_to=None, packages_select_build_failed=False, packages_skip_build_finished=False, packages_select_test_failures=False, packages_skip_test_passed=False, packages_select=None, packages_skip=None, packages_select_regex=None, packages_skip_regex=None, packages_start=None, packages_end=None, allow_overriding=[], cmake_args=None, cmake_target=None, cmake_target_skip_unavailable=False, cmake_clean_cache=False, cmake_clean_first=False, cmake_force_configure=False, ament_cmake_args=None, catkin_cmake_args=None, catkin_skip_building_tests=False, verb_parser=<colcon_defaults.argument_parser.defaults.DefaultArgumentsDecorator object at 0x79c9bb354310>, verb_extension=<colcon_core.verb.build.BuildVerb object at 0x79c9bb313dc0>, main=<bound method BuildVerb.main of <colcon_core.verb.build.BuildVerb object at 0x79c9bb313dc0>>)
[0.733s] Level 1:colcon.colcon_core.package_discovery:discover_packages(colcon_meta) check parameters
[0.733s] Level 1:colcon.colcon_core.package_discovery:discover_packages(recursive) check parameters
[0.733s] Level 1:colcon.colcon_core.package_discovery:discover_packages(ignore) check parameters
[0.733s] Level 1:colcon.colcon_core.package_discovery:discover_packages(path) check parameters
[0.733s] Level 1:colcon.colcon_core.package_discovery:discover_packages(colcon_meta) discover
[0.734s] Level 1:colcon.colcon_core.package_discovery:discover_packages(recursive) discover
[0.734s] INFO:colcon.colcon_core.package_discovery:Crawling recursively for packages in '/home/naserddinee0/vtol_ws'
[0.734s] Level 1:colcon.colcon_core.package_identification:_identify(.) by extensions ['ignore', 'ignore_ament_install']
[0.734s] Level 1:colcon.colcon_core.package_identification:_identify(.) by extension 'ignore'
[0.734s] Level 1:colcon.colcon_core.package_identification:_identify(.) by extension 'ignore_ament_install'
[0.734s] Level 1:colcon.colcon_core.package_identification:_identify(.) by extensions ['colcon_pkg']
[0.734s] Level 1:colcon.colcon_core.package_identification:_identify(.) by extension 'colcon_pkg'
[0.734s] Level 1:colcon.colcon_core.package_identification:_identify(.) by extensions ['colcon_meta']
[0.734s] Level 1:colcon.colcon_core.package_identification:_identify(.) by extension 'colcon_meta'
[0.734s] Level 1:colcon.colcon_core.package_identification:_identify(.) by extensions ['ros']
[0.734s] Level 1:colcon.colcon_core.package_identification:_identify(.) by extension 'ros'
[0.746s] Level 1:colcon.colcon_core.package_identification:_identify(.) by extensions ['cmake', 'python']
[0.746s] Level 1:colcon.colcon_core.package_identification:_identify(.) by extension 'cmake'
[0.746s] Level 1:colcon.colcon_core.package_identification:_identify(.) by extension 'python'
[0.747s] Level 1:colcon.colcon_core.package_identification:_identify(.) by extensions ['python_setup_py']
[0.747s] Level 1:colcon.colcon_core.package_identification:_identify(.) by extension 'python_setup_py'
[0.747s] Level 1:colcon.colcon_core.package_identification:_identify(build) by extensions ['ignore', 'ignore_ament_install']
[0.747s] Level 1:colcon.colcon_core.package_identification:_identify(build) by extension 'ignore'
[0.747s] Level 1:colcon.colcon_core.package_identification:_identify(build) ignored
[0.747s] Level 1:colcon.colcon_core.package_identification:_identify(install) by extensions ['ignore', 'ignore_ament_install']
[0.747s] Level 1:colcon.colcon_core.package_identification:_identify(install) by extension 'ignore'
[0.747s] Level 1:colcon.colcon_core.package_identification:_identify(install) ignored
[0.747s] Level 1:colcon.colcon_core.package_identification:_identify(log) by extensions ['ignore', 'ignore_ament_install']
[0.747s] Level 1:colcon.colcon_core.package_identification:_identify(log) by extension 'ignore'
[0.747s] Level 1:colcon.colcon_core.package_identification:_identify(log) ignored
[0.747s] Level 1:colcon.colcon_core.package_identification:_identify(src) by extensions ['ignore', 'ignore_ament_install']
[0.747s] Level 1:colcon.colcon_core.package_identification:_identify(src) by extension 'ignore'
[0.747s] Level 1:colcon.colcon_core.package_identification:_identify(src) by extension 'ignore_ament_install'
[0.748s] Level 1:colcon.colcon_core.package_identification:_identify(src) by extensions ['colcon_pkg']
[0.748s] Level 1:colcon.colcon_core.package_identification:_identify(src) by extension 'colcon_pkg'
[0.748s] Level 1:colcon.colcon_core.package_identification:_identify(src) by extensions ['colcon_meta']
[0.748s] Level 1:colcon.colcon_core.package_identification:_identify(src) by extension 'colcon_meta'
[0.748s] Level 1:colcon.colcon_core.package_identification:_identify(src) by extensions ['ros']
[0.748s] Level 1:colcon.colcon_core.package_identification:_identify(src) by extension 'ros'
[0.748s] Level 1:colcon.colcon_core.package_identification:_identify(src) by extensions ['cmake', 'python']
[0.748s] Level 1:colcon.colcon_core.package_identification:_identify(src) by extension 'cmake'
[0.748s] Level 1:colcon.colcon_core.package_identification:_identify(src) by extension 'python'
[0.748s] Level 1:colcon.colcon_core.package_identification:_identify(src) by extensions ['python_setup_py']
[0.748s] Level 1:colcon.colcon_core.package_identification:_identify(src) by extension 'python_setup_py'
[0.748s] Level 1:colcon.colcon_core.package_identification:_identify(src/vtol_control) by extensions ['ignore', 'ignore_ament_install']
[0.748s] Level 1:colcon.colcon_core.package_identification:_identify(src/vtol_control) by extension 'ignore'
[0.748s] Level 1:colcon.colcon_core.package_identification:_identify(src/vtol_control) by extension 'ignore_ament_install'
[0.748s] Level 1:colcon.colcon_core.package_identification:_identify(src/vtol_control) by extensions ['colcon_pkg']
[0.748s] Level 1:colcon.colcon_core.package_identification:_identify(src/vtol_control) by extension 'colcon_pkg'
[0.748s] Level 1:colcon.colcon_core.package_identification:_identify(src/vtol_control) by extensions ['colcon_meta']
[0.748s] Level 1:colcon.colcon_core.package_identification:_identify(src/vtol_control) by extension 'colcon_meta'
[0.748s] Level 1:colcon.colcon_core.package_identification:_identify(src/vtol_control) by extensions ['ros']
[0.748s] Level 1:colcon.colcon_core.package_identification:_identify(src/vtol_control) by extension 'ros'
[0.752s] DEBUG:colcon.colcon_core.package_identification:Package 'src/vtol_control' with type 'ros.ament_cmake' and name 'vtol_control'
[0.752s] Level 1:colcon.colcon_core.package_identification:_identify(src/vtol_description) by extensions ['ignore', 'ignore_ament_install']
[0.752s] Level 1:colcon.colcon_core.package_identification:_identify(src/vtol_description) by extension 'ignore'
[0.752s] Level 1:colcon.colcon_core.package_identification:_identify(src/vtol_description) by extension 'ignore_ament_install'
[0.752s] Level 1:colcon.colcon_core.package_identification:_identify(src/vtol_description) by extensions ['colcon_pkg']
[0.752s] Level 1:colcon.colcon_core.package_identification:_identify(src/vtol_description) by extension 'colcon_pkg'
[0.752s] Level 1:colcon.colcon_core.package_identification:_identify(src/vtol_description) by extensions ['colcon_meta']
[0.752s] Level 1:colcon.colcon_core.package_identification:_identify(src/vtol_description) by extension 'colcon_meta'
[0.752s] Level 1:colcon.colcon_core.package_identification:_identify(src/vtol_description) by extensions ['ros']
[0.752s] Level 1:colcon.colcon_core.package_identification:_identify(src/vtol_description) by extension 'ros'
[0.753s] DEBUG:colcon.colcon_core.package_identification:Package 'src/vtol_description' with type 'ros.ament_cmake' and name 'vtol_description'
[0.753s] Level 1:colcon.colcon_core.package_identification:_identify(src/vtol_estimation) by extensions ['ignore', 'ignore_ament_install']
[0.753s] Level 1:colcon.colcon_core.package_identification:_identify(src/vtol_estimation) by extension 'ignore'
[0.753s] Level 1:colcon.colcon_core.package_identification:_identify(src/vtol_estimation) by extension 'ignore_ament_install'
[0.753s] Level 1:colcon.colcon_core.package_identification:_identify(src/vtol_estimation) by extensions ['colcon_pkg']
[0.753s] Level 1:colcon.colcon_core.package_identification:_identify(src/vtol_estimation) by extension 'colcon_pkg'
[0.753s] Level 1:colcon.colcon_core.package_identification:_identify(src/vtol_estimation) by extensions ['colcon_meta']
[0.753s] Level 1:colcon.colcon_core.package_identification:_identify(src/vtol_estimation) by extension 'colcon_meta'
[0.753s] Level 1:colcon.colcon_core.package_identification:_identify(src/vtol_estimation) by extensions ['ros']
[0.753s] Level 1:colcon.colcon_core.package_identification:_identify(src/vtol_estimation) by extension 'ros'
[0.754s] DEBUG:colcon.colcon_core.package_identification:Package 'src/vtol_estimation' with type 'ros.ament_cmake' and name 'vtol_estimation'
[0.754s] Level 1:colcon.colcon_core.package_identification:_identify(src/vtol_simulation) by extensions ['ignore', 'ignore_ament_install']
[0.754s] Level 1:colcon.colcon_core.package_identification:_identify(src/vtol_simulation) by extension 'ignore'
[0.754s] Level 1:colcon.colcon_core.package_identification:_identify(src/vtol_simulation) by extension 'ignore_ament_install'
[0.754s] Level 1:colcon.colcon_core.package_identification:_identify(src/vtol_simulation) by extensions ['colcon_pkg']
[0.754s] Level 1:colcon.colcon_core.package_identification:_identify(src/vtol_simulation) by extension 'colcon_pkg'
[0.754s] Level 1:colcon.colcon_core.package_identification:_identify(src/vtol_simulation) by extensions ['colcon_meta']
[0.754s] Level 1:colcon.colcon_core.package_identification:_identify(src/vtol_simulation) by extension 'colcon_meta'
[0.754s] Level 1:colcon.colcon_core.package_identification:_identify(src/vtol_simulation) by extensions ['ros']
[0.754s] Level 1:colcon.colcon_core.package_identification:_identify(src/vtol_simulation) by extension 'ros'
[0.755s] DEBUG:colcon.colcon_core.package_identification:Package 'src/vtol_simulation' with type 'ros.ament_cmake' and name 'vtol_simulation'
[0.755s] Level 1:colcon.colcon_core.package_discovery:discover_packages(recursive) using defaults
[0.755s] Level 1:colcon.colcon_core.package_discovery:discover_packages(ignore) discover
[0.755s] Level 1:colcon.colcon_core.package_discovery:discover_packages(ignore) using defaults
[0.755s] Level 1:colcon.colcon_core.package_discovery:discover_packages(path) discover
[0.755s] Level 1:colcon.colcon_core.package_discovery:discover_packages(path) using defaults
[0.797s] Level 1:colcon.colcon_core.package_discovery:discover_packages(prefix_path) check parameters
[0.797s] Level 1:colcon.colcon_core.package_discovery:discover_packages(prefix_path) discover
[0.802s] DEBUG:colcon.colcon_installed_package_information.package_discovery:Found 343 installed packages in /opt/ros/humble
[0.804s] Level 1:colcon.colcon_core.package_discovery:discover_packages(prefix_path) using defaults
[0.853s] Level 5:colcon.colcon_core.verb:set package 'vtol_control' build argument 'cmake_args' from command line to 'None'
[0.853s] Level 5:colcon.colcon_core.verb:set package 'vtol_control' build argument 'cmake_target' from command line to 'None'
[0.853s] Level 5:colcon.colcon_core.verb:set package 'vtol_control' build argument 'cmake_target_skip_unavailable' from command line to 'False'
[0.853s] Level 5:colcon.colcon_core.verb:set package 'vtol_control' build argument 'cmake_clean_cache' from command line to 'False'
[0.854s] Level 5:colcon.colcon_core.verb:set package 'vtol_control' build argument 'cmake_clean_first' from command line to 'False'
[0.854s] Level 5:colcon.colcon_core.verb:set package 'vtol_control' build argument 'cmake_force_configure' from command line to 'False'
[0.854s] Level 5:colcon.colcon_core.verb:set package 'vtol_control' build argument 'ament_cmake_args' from command line to 'None'
[0.854s] Level 5:colcon.colcon_core.verb:set package 'vtol_control' build argument 'catkin_cmake_args' from command line to 'None'
[0.854s] Level 5:colcon.colcon_core.verb:set package 'vtol_control' build argument 'catkin_skip_building_tests' from command line to 'False'
[0.854s] DEBUG:colcon.colcon_core.verb:Building package 'vtol_control' with the following arguments: {'ament_cmake_args': None, 'build_base': '/home/naserddinee0/vtol_ws/build/vtol_control', 'catkin_cmake_args': None, 'catkin_skip_building_tests': False, 'cmake_args': None, 'cmake_clean_cache': False, 'cmake_clean_first': False, 'cmake_force_configure': False, 'cmake_target': None, 'cmake_target_skip_unavailable': False, 'install_base': '/home/naserddinee0/vtol_ws/install/vtol_control', 'merge_install': False, 'path': '/home/naserddinee0/vtol_ws/src/vtol_control', 'symlink_install': False, 'test_result_base': None}
[0.854s] Level 5:colcon.colcon_core.verb:set package 'vtol_description' build argument 'cmake_args' from command line to 'None'
[0.854s] Level 5:colcon.colcon_core.verb:set package 'vtol_description' build argument 'cmake_target' from command line to 'None'
[0.854s] Level 5:colcon.colcon_core.verb:set package 'vtol_description' build argument 'cmake_target_skip_unavailable' from command line to 'False'
[0.854s] Level 5:colcon.colcon_core.verb:set package 'vtol_description' build argument 'cmake_clean_cache' from command line to 'False'
[0.854s] Level 5:colcon.colcon_core.verb:set package 'vtol_description' build argument 'cmake_clean_first' from command line to 'False'
[0.854s] Level 5:colcon.colcon_core.verb:set package 'vtol_description' build argument 'cmake_force_configure' from command line to 'False'
[0.854s] Level 5:colcon.colcon_core.verb:set package 'vtol_description' build argument 'ament_cmake_args' from command line to 'None'
[0.854s] Level 5:colcon.colcon_core.verb:set package 'vtol_description' build argument 'catkin_cmake_args' from command line to 'None'
[0.854s] Level 5:colcon.colcon_core.verb:set package 'vtol_description' build argument 'catkin_skip_building_tests' from command line to 'False'
[0.854s] DEBUG:colcon.colcon_core.verb:Building package 'vtol_description' with the following arguments: {'ament_cmake_args': None, 'build_base': '/home/naserddinee0/vtol_ws/build/vtol_description', 'catkin_cmake_args': None, 'catkin_skip_building_tests': False, 'cmake_args': None, 'cmake_clean_cache': False, 'cmake_clean_first': False, 'cmake_force_configure': False, 'cmake_target': None, 'cmake_target_skip_unavailable': False, 'install_base': '/home/naserddinee0/vtol_ws/install/vtol_description', 'merge_install': False, 'path': '/home/naserddinee0/vtol_ws/src/vtol_description', 'symlink_install': False, 'test_result_base': None}
[0.854s] Level 5:colcon.colcon_core.verb:set package 'vtol_estimation' build argument 'cmake_args' from command line to 'None'
[0.855s] Level 5:colcon.colcon_core.verb:set package 'vtol_estimation' build argument 'cmake_target' from command line to 'None'
[0.855s] Level 5:colcon.colcon_core.verb:set package 'vtol_estimation' build argument 'cmake_target_skip_unavailable' from command line to 'False'
[0.855s] Level 5:colcon.colcon_core.verb:set package 'vtol_estimation' build argument 'cmake_clean_cache' from command line to 'False'
[0.855s] Level 5:colcon.colcon_core.verb:set package 'vtol_estimation' build argument 'cmake_clean_first' from command line to 'False'
[0.855s] Level 5:colcon.colcon_core.verb:set package 'vtol_estimation' build argument 'cmake_force_configure' from command line to 'False'
[0.855s] Level 5:colcon.colcon_core.verb:set package 'vtol_estimation' build argument 'ament_cmake_args' from command line to 'None'
[0.855s] Level 5:colcon.colcon_core.verb:set package 'vtol_estimation' build argument 'catkin_cmake_args' from command line to 'None'
[0.855s] Level 5:colcon.colcon_core.verb:set package 'vtol_estimation' build argument 'catkin_skip_building_tests' from command line to 'False'
[0.855s] DEBUG:colcon.colcon_core.verb:Building package 'vtol_estimation' with the following arguments: {'ament_cmake_args': None, 'build_base': '/home/naserddinee0/vtol_ws/build/vtol_estimation', 'catkin_cmake_args': None, 'catkin_skip_building_tests': False, 'cmake_args': None, 'cmake_clean_cache': False, 'cmake_clean_first': False, 'cmake_force_configure': False, 'cmake_target': None, 'cmake_target_skip_unavailable': False, 'install_base': '/home/naserddinee0/vtol_ws/install/vtol_estimation', 'merge_install': False, 'path': '/home/naserddinee0/vtol_ws/src/vtol_estimation', 'symlink_install': False, 'test_result_base': None}
[0.855s] Level 5:colcon.colcon_core.verb:set package 'vtol_simulation' build argument 'cmake_args' from command line to 'None'
[0.855s] Level 5:colcon.colcon_core.verb:set package 'vtol_simulation' build argument 'cmake_target' from command line to 'None'
[0.855s] Level 5:colcon.colcon_core.verb:set package 'vtol_simulation' build argument 'cmake_target_skip_unavailable' from command line to 'False'
[0.855s] Level 5:colcon.colcon_core.verb:set package 'vtol_simulation' build argument 'cmake_clean_cache' from command line to 'False'
[0.855s] Level 5:colcon.colcon_core.verb:set package 'vtol_simulation' build argument 'cmake_clean_first' from command line to 'False'
[0.855s] Level 5:colcon.colcon_core.verb:set package 'vtol_simulation' build argument 'cmake_force_configure' from command line to 'False'
[0.855s] Level 5:colcon.colcon_core.verb:set package 'vtol_simulation' build argument 'ament_cmake_args' from command line to 'None'
[0.855s] Level 5:colcon.colcon_core.verb:set package 'vtol_simulation' build argument 'catkin_cmake_args' from command line to 'None'
[0.855s] Level 5:colcon.colcon_core.verb:set package 'vtol_simulation' build argument 'catkin_skip_building_tests' from command line to 'False'
[0.855s] DEBUG:colcon.colcon_core.verb:Building package 'vtol_simulation' with the following arguments: {'ament_cmake_args': None, 'build_base': '/home/naserddinee0/vtol_ws/build/vtol_simulation', 'catkin_cmake_args': None, 'catkin_skip_building_tests': False, 'cmake_args': None, 'cmake_clean_cache': False, 'cmake_clean_first': False, 'cmake_force_configure': False, 'cmake_target': None, 'cmake_target_skip_unavailable': False, 'install_base': '/home/naserddinee0/vtol_ws/install/vtol_simulation', 'merge_install': False, 'path': '/home/naserddinee0/vtol_ws/src/vtol_simulation', 'symlink_install': False, 'test_result_base': None}
[0.855s] INFO:colcon.colcon_core.executor:Executing jobs using 'sequential' executor
[0.857s] DEBUG:colcon.colcon_core.executor.sequential:run_until_complete 'vtol_control'
[0.857s] INFO:colcon.colcon_ros.task.ament_cmake.build:Building ROS package in '/home/naserddinee0/vtol_ws/src/vtol_control' with build type 'ament_cmake'
[0.857s] INFO:colcon.colcon_cmake.task.cmake.build:Building CMake package in '/home/naserddinee0/vtol_ws/src/vtol_control'
[0.866s] INFO:colcon.colcon_core.plugin_system:Skipping extension 'colcon_core.shell.bat': Not used on non-Windows systems
[0.866s] INFO:colcon.colcon_core.shell:Skip shell extension 'powershell' for command environment: Not usable outside of PowerShell
[0.866s] DEBUG:colcon.colcon_core.shell:Skip shell extension 'dsv' for command environment
[0.882s] DEBUG:colcon.colcon_core.event_handler.log_command:Invoking command in '/home/naserddinee0/vtol_ws/build/vtol_control': CMAKE_PREFIX_PATH=/opt/ros/humble /usr/bin/cmake /home/naserddinee0/vtol_ws/src/vtol_control -DCMAKE_INSTALL_PREFIX=/home/naserddinee0/vtol_ws/install/vtol_control
[3.285s] DEBUG:colcon.colcon_core.event_handler.log_command:Invoked command in '/home/naserddinee0/vtol_ws/build/vtol_control' returned '0': CMAKE_PREFIX_PATH=/opt/ros/humble /usr/bin/cmake /home/naserddinee0/vtol_ws/src/vtol_control -DCMAKE_INSTALL_PREFIX=/home/naserddinee0/vtol_ws/install/vtol_control
[3.287s] DEBUG:colcon.colcon_core.event_handler.log_command:Invoking command in '/home/naserddinee0/vtol_ws/build/vtol_control': CMAKE_PREFIX_PATH=/opt/ros/humble /usr/bin/cmake --build /home/naserddinee0/vtol_ws/build/vtol_control -- -j8 -l8
[3.332s] DEBUG:colcon.colcon_core.event_handler.log_command:Invoked command in '/home/naserddinee0/vtol_ws/build/vtol_control' returned '0': CMAKE_PREFIX_PATH=/opt/ros/humble /usr/bin/cmake --build /home/naserddinee0/vtol_ws/build/vtol_control -- -j8 -l8
[3.344s] DEBUG:colcon.colcon_core.event_handler.log_command:Invoking command in '/home/naserddinee0/vtol_ws/build/vtol_control': CMAKE_PREFIX_PATH=/opt/ros/humble /usr/bin/cmake --install /home/naserddinee0/vtol_ws/build/vtol_control
[3.366s] Level 1:colcon.colcon_core.environment:create_environment_scripts_only(vtol_control)
[3.367s] DEBUG:colcon.colcon_core.event_handler.log_command:Invoked command in '/home/naserddinee0/vtol_ws/build/vtol_control' returned '0': CMAKE_PREFIX_PATH=/opt/ros/humble /usr/bin/cmake --install /home/naserddinee0/vtol_ws/build/vtol_control
[3.377s] Level 1:colcon.colcon_core.environment:checking '/home/naserddinee0/vtol_ws/install/vtol_control' for CMake module files
[3.377s] Level 1:colcon.colcon_core.environment:checking '/home/naserddinee0/vtol_ws/install/vtol_control' for CMake config files
[3.378s] Level 1:colcon.colcon_core.shell:create_environment_hook('vtol_control', 'cmake_prefix_path')
[3.378s] INFO:colcon.colcon_core.shell:Creating environment hook '/home/naserddinee0/vtol_ws/install/vtol_control/share/vtol_control/hook/cmake_prefix_path.ps1'
[3.381s] INFO:colcon.colcon_core.shell:Creating environment descriptor '/home/naserddinee0/vtol_ws/install/vtol_control/share/vtol_control/hook/cmake_prefix_path.dsv'
[3.382s] INFO:colcon.colcon_core.shell:Creating environment hook '/home/naserddinee0/vtol_ws/install/vtol_control/share/vtol_control/hook/cmake_prefix_path.sh'
[3.383s] Level 1:colcon.colcon_core.environment:checking '/home/naserddinee0/vtol_ws/install/vtol_control/bin'
[3.383s] Level 1:colcon.colcon_core.environment:checking '/home/naserddinee0/vtol_ws/install/vtol_control/lib/pkgconfig/vtol_control.pc'
[3.383s] Level 1:colcon.colcon_core.environment:checking '/home/naserddinee0/vtol_ws/install/vtol_control/lib/python3.10/site-packages'
[3.383s] Level 1:colcon.colcon_core.environment:checking '/home/naserddinee0/vtol_ws/install/vtol_control/bin'
[3.384s] INFO:colcon.colcon_core.shell:Creating package script '/home/naserddinee0/vtol_ws/install/vtol_control/share/vtol_control/package.ps1'
[3.385s] INFO:colcon.colcon_core.shell:Creating package descriptor '/home/naserddinee0/vtol_ws/install/vtol_control/share/vtol_control/package.dsv'
[3.386s] INFO:colcon.colcon_core.shell:Creating package script '/home/naserddinee0/vtol_ws/install/vtol_control/share/vtol_control/package.sh'
[3.387s] INFO:colcon.colcon_core.shell:Creating package script '/home/naserddinee0/vtol_ws/install/vtol_control/share/vtol_control/package.bash'
[3.388s] INFO:colcon.colcon_core.shell:Creating package script '/home/naserddinee0/vtol_ws/install/vtol_control/share/vtol_control/package.zsh'
[3.390s] Level 1:colcon.colcon_core.environment:create_file_with_runtime_dependencies(/home/naserddinee0/vtol_ws/install/vtol_control/share/colcon-core/packages/vtol_control)
[3.391s] Level 1:colcon.colcon_core.environment:create_environment_scripts_only(vtol_control)
[3.391s] Level 1:colcon.colcon_core.environment:checking '/home/naserddinee0/vtol_ws/install/vtol_control' for CMake module files
[3.391s] Level 1:colcon.colcon_core.environment:checking '/home/naserddinee0/vtol_ws/install/vtol_control' for CMake config files
[3.392s] Level 1:colcon.colcon_core.shell:create_environment_hook('vtol_control', 'cmake_prefix_path')
[3.392s] INFO:colcon.colcon_core.shell:Creating environment hook '/home/naserddinee0/vtol_ws/install/vtol_control/share/vtol_control/hook/cmake_prefix_path.ps1'
[3.392s] INFO:colcon.colcon_core.shell:Creating environment descriptor '/home/naserddinee0/vtol_ws/install/vtol_control/share/vtol_control/hook/cmake_prefix_path.dsv'
[3.393s] INFO:colcon.colcon_core.shell:Creating environment hook '/home/naserddinee0/vtol_ws/install/vtol_control/share/vtol_control/hook/cmake_prefix_path.sh'
[3.393s] Level 1:colcon.colcon_core.environment:checking '/home/naserddinee0/vtol_ws/install/vtol_control/bin'
[3.393s] Level 1:colcon.colcon_core.environment:checking '/home/naserddinee0/vtol_ws/install/vtol_control/lib/pkgconfig/vtol_control.pc'
[3.393s] Level 1:colcon.colcon_core.environment:checking '/home/naserddinee0/vtol_ws/install/vtol_control/lib/python3.10/site-packages'
[3.394s] Level 1:colcon.colcon_core.environment:checking '/home/naserddinee0/vtol_ws/install/vtol_control/bin'
[3.394s] INFO:colcon.colcon_core.shell:Creating package script '/home/naserddinee0/vtol_ws/install/vtol_control/share/vtol_control/package.ps1'
[3.395s] INFO:colcon.colcon_core.shell:Creating package descriptor '/home/naserddinee0/vtol_ws/install/vtol_control/share/vtol_control/package.dsv'
[3.396s] INFO:colcon.colcon_core.shell:Creating package script '/home/naserddinee0/vtol_ws/install/vtol_control/share/vtol_control/package.sh'
[3.396s] INFO:colcon.colcon_core.shell:Creating package script '/home/naserddinee0/vtol_ws/install/vtol_control/share/vtol_control/package.bash'
[3.397s] INFO:colcon.colcon_core.shell:Creating package script '/home/naserddinee0/vtol_ws/install/vtol_control/share/vtol_control/package.zsh'
[3.397s] Level 1:colcon.colcon_core.environment:create_file_with_runtime_dependencies(/home/naserddinee0/vtol_ws/install/vtol_control/share/colcon-core/packages/vtol_control)
[3.397s] DEBUG:colcon.colcon_core.executor.sequential:run_until_complete 'vtol_control' finished with '0'
[3.398s] DEBUG:colcon.colcon_core.executor.sequential:run_until_complete 'vtol_description'
[3.398s] INFO:colcon.colcon_ros.task.ament_cmake.build:Building ROS package in '/home/naserddinee0/vtol_ws/src/vtol_description' with build type 'ament_cmake'
[3.398s] INFO:colcon.colcon_cmake.task.cmake.build:Building CMake package in '/home/naserddinee0/vtol_ws/src/vtol_description'
[3.398s] INFO:colcon.colcon_core.shell:Skip shell extension 'powershell' for command environment: Not usable outside of PowerShell
[3.398s] DEBUG:colcon.colcon_core.shell:Skip shell extension 'dsv' for command environment
[3.410s] DEBUG:colcon.colcon_core.event_handler.log_command:Invoking command in '/home/naserddinee0/vtol_ws/build/vtol_description': CMAKE_PREFIX_PATH=/opt/ros/humble /usr/bin/cmake /home/naserddinee0/vtol_ws/src/vtol_description -DCMAKE_INSTALL_PREFIX=/home/naserddinee0/vtol_ws/install/vtol_description
[5.196s] DEBUG:colcon.colcon_core.event_handler.log_command:Invoked command in '/home/naserddinee0/vtol_ws/build/vtol_description' returned '0': CMAKE_PREFIX_PATH=/opt/ros/humble /usr/bin/cmake /home/naserddinee0/vtol_ws/src/vtol_description -DCMAKE_INSTALL_PREFIX=/home/naserddinee0/vtol_ws/install/vtol_description
[5.198s] DEBUG:colcon.colcon_core.event_handler.log_command:Invoking command in '/home/naserddinee0/vtol_ws/build/vtol_description': CMAKE_PREFIX_PATH=/opt/ros/humble /usr/bin/cmake --build /home/naserddinee0/vtol_ws/build/vtol_description -- -j8 -l8
[5.243s] DEBUG:colcon.colcon_core.event_handler.log_command:Invoked command in '/home/naserddinee0/vtol_ws/build/vtol_description' returned '0': CMAKE_PREFIX_PATH=/opt/ros/humble /usr/bin/cmake --build /home/naserddinee0/vtol_ws/build/vtol_description -- -j8 -l8
[5.244s] DEBUG:colcon.colcon_core.event_handler.log_command:Invoking command in '/home/naserddinee0/vtol_ws/build/vtol_description': CMAKE_PREFIX_PATH=/opt/ros/humble /usr/bin/cmake --install /home/naserddinee0/vtol_ws/build/vtol_description
[5.268s] Level 1:colcon.colcon_core.environment:create_environment_scripts_only(vtol_description)
[5.268s] Level 1:colcon.colcon_core.environment:checking '/home/naserddinee0/vtol_ws/install/vtol_description' for CMake module files
[5.269s] DEBUG:colcon.colcon_core.event_handler.log_command:Invoked command in '/home/naserddinee0/vtol_ws/build/vtol_description' returned '0': CMAKE_PREFIX_PATH=/opt/ros/humble /usr/bin/cmake --install /home/naserddinee0/vtol_ws/build/vtol_description
[5.269s] Level 1:colcon.colcon_core.environment:checking '/home/naserddinee0/vtol_ws/install/vtol_description' for CMake config files
[5.269s] Level 1:colcon.colcon_core.shell:create_environment_hook('vtol_description', 'cmake_prefix_path')
[5.269s] INFO:colcon.colcon_core.shell:Creating environment hook '/home/naserddinee0/vtol_ws/install/vtol_description/share/vtol_description/hook/cmake_prefix_path.ps1'
[5.270s] INFO:colcon.colcon_core.shell:Creating environment descriptor '/home/naserddinee0/vtol_ws/install/vtol_description/share/vtol_description/hook/cmake_prefix_path.dsv'
[5.271s] INFO:colcon.colcon_core.shell:Creating environment hook '/home/naserddinee0/vtol_ws/install/vtol_description/share/vtol_description/hook/cmake_prefix_path.sh'
[5.272s] Level 1:colcon.colcon_core.environment:checking '/home/naserddinee0/vtol_ws/install/vtol_description/bin'
[5.272s] Level 1:colcon.colcon_core.environment:checking '/home/naserddinee0/vtol_ws/install/vtol_description/lib/pkgconfig/vtol_description.pc'
[5.272s] Level 1:colcon.colcon_core.environment:checking '/home/naserddinee0/vtol_ws/install/vtol_description/lib/python3.10/site-packages'
[5.273s] Level 1:colcon.colcon_core.environment:checking '/home/naserddinee0/vtol_ws/install/vtol_description/bin'
[5.273s] INFO:colcon.colcon_core.shell:Creating package script '/home/naserddinee0/vtol_ws/install/vtol_description/share/vtol_description/package.ps1'
[5.273s] INFO:colcon.colcon_core.shell:Creating package descriptor '/home/naserddinee0/vtol_ws/install/vtol_description/share/vtol_description/package.dsv'
[5.274s] INFO:colcon.colcon_core.shell:Creating package script '/home/naserddinee0/vtol_ws/install/vtol_description/share/vtol_description/package.sh'
[5.274s] INFO:colcon.colcon_core.shell:Creating package script '/home/naserddinee0/vtol_ws/install/vtol_description/share/vtol_description/package.bash'
[5.275s] INFO:colcon.colcon_core.shell:Creating package script '/home/naserddinee0/vtol_ws/install/vtol_description/share/vtol_description/package.zsh'
[5.275s] Level 1:colcon.colcon_core.environment:create_file_with_runtime_dependencies(/home/naserddinee0/vtol_ws/install/vtol_description/share/colcon-core/packages/vtol_description)
[5.276s] Level 1:colcon.colcon_core.environment:create_environment_scripts_only(vtol_description)
[5.276s] Level 1:colcon.colcon_core.environment:checking '/home/naserddinee0/vtol_ws/install/vtol_description' for CMake module files
[5.277s] Level 1:colcon.colcon_core.environment:checking '/home/naserddinee0/vtol_ws/install/vtol_description' for CMake config files
[5.277s] Level 1:colcon.colcon_core.shell:create_environment_hook('vtol_description', 'cmake_prefix_path')
[5.277s] INFO:colcon.colcon_core.shell:Creating environment hook '/home/naserddinee0/vtol_ws/install/vtol_description/share/vtol_description/hook/cmake_prefix_path.ps1'
[5.278s] INFO:colcon.colcon_core.shell:Creating environment descriptor '/home/naserddinee0/vtol_ws/install/vtol_description/share/vtol_description/hook/cmake_prefix_path.dsv'
[5.278s] INFO:colcon.colcon_core.shell:Creating environment hook '/home/naserddinee0/vtol_ws/install/vtol_description/share/vtol_description/hook/cmake_prefix_path.sh'
[5.279s] Level 1:colcon.colcon_core.environment:checking '/home/naserddinee0/vtol_ws/install/vtol_description/bin'
[5.279s] Level 1:colcon.colcon_core.environment:checking '/home/naserddinee0/vtol_ws/install/vtol_description/lib/pkgconfig/vtol_description.pc'
[5.279s] Level 1:colcon.colcon_core.environment:checking '/home/naserddinee0/vtol_ws/install/vtol_description/lib/python3.10/site-packages'
[5.279s] Level 1:colcon.colcon_core.environment:checking '/home/naserddinee0/vtol_ws/install/vtol_description/bin'
[5.279s] INFO:colcon.colcon_core.shell:Creating package script '/home/naserddinee0/vtol_ws/install/vtol_description/share/vtol_description/package.ps1'
[5.280s] INFO:colcon.colcon_core.shell:Creating package descriptor '/home/naserddinee0/vtol_ws/install/vtol_description/share/vtol_description/package.dsv'
[5.280s] INFO:colcon.colcon_core.shell:Creating package script '/home/naserddinee0/vtol_ws/install/vtol_description/share/vtol_description/package.sh'
[5.281s] INFO:colcon.colcon_core.shell:Creating package script '/home/naserddinee0/vtol_ws/install/vtol_description/share/vtol_description/package.bash'
[5.281s] INFO:colcon.colcon_core.shell:Creating package script '/home/naserddinee0/vtol_ws/install/vtol_description/share/vtol_description/package.zsh'
[5.282s] Level 1:colcon.colcon_core.environment:create_file_with_runtime_dependencies(/home/naserddinee0/vtol_ws/install/vtol_description/share/colcon-core/packages/vtol_description)
[5.282s] DEBUG:colcon.colcon_core.executor.sequential:run_until_complete 'vtol_description' finished with '0'
[5.282s] DEBUG:colcon.colcon_core.executor.sequential:run_until_complete 'vtol_estimation'
[5.282s] INFO:colcon.colcon_ros.task.ament_cmake.build:Building ROS package in '/home/naserddinee0/vtol_ws/src/vtol_estimation' with build type 'ament_cmake'
[5.282s] INFO:colcon.colcon_cmake.task.cmake.build:Building CMake package in '/home/naserddinee0/vtol_ws/src/vtol_estimation'
[5.282s] INFO:colcon.colcon_core.shell:Skip shell extension 'powershell' for command environment: Not usable outside of PowerShell
[5.282s] DEBUG:colcon.colcon_core.shell:Skip shell extension 'dsv' for command environment
[5.295s] DEBUG:colcon.colcon_core.event_handler.log_command:Invoking command in '/home/naserddinee0/vtol_ws/build/vtol_estimation': CMAKE_PREFIX_PATH=/opt/ros/humble /usr/bin/cmake /home/naserddinee0/vtol_ws/src/vtol_estimation -DCMAKE_INSTALL_PREFIX=/home/naserddinee0/vtol_ws/install/vtol_estimation
[7.067s] DEBUG:colcon.colcon_core.event_handler.log_command:Invoked command in '/home/naserddinee0/vtol_ws/build/vtol_estimation' returned '0': CMAKE_PREFIX_PATH=/opt/ros/humble /usr/bin/cmake /home/naserddinee0/vtol_ws/src/vtol_estimation -DCMAKE_INSTALL_PREFIX=/home/naserddinee0/vtol_ws/install/vtol_estimation
[7.069s] DEBUG:colcon.colcon_core.event_handler.log_command:Invoking command in '/home/naserddinee0/vtol_ws/build/vtol_estimation': CMAKE_PREFIX_PATH=/opt/ros/humble /usr/bin/cmake --build /home/naserddinee0/vtol_ws/build/vtol_estimation -- -j8 -l8
[7.114s] DEBUG:colcon.colcon_core.event_handler.log_command:Invoked command in '/home/naserddinee0/vtol_ws/build/vtol_estimation' returned '0': CMAKE_PREFIX_PATH=/opt/ros/humble /usr/bin/cmake --build /home/naserddinee0/vtol_ws/build/vtol_estimation -- -j8 -l8
[7.116s] DEBUG:colcon.colcon_core.event_handler.log_command:Invoking command in '/home/naserddinee0/vtol_ws/build/vtol_estimation': CMAKE_PREFIX_PATH=/opt/ros/humble /usr/bin/cmake --install /home/naserddinee0/vtol_ws/build/vtol_estimation
[7.133s] Level 1:colcon.colcon_core.environment:create_environment_scripts_only(vtol_estimation)
[7.133s] Level 1:colcon.colcon_core.environment:checking '/home/naserddinee0/vtol_ws/install/vtol_estimation' for CMake module files
[7.134s] DEBUG:colcon.colcon_core.event_handler.log_command:Invoked command in '/home/naserddinee0/vtol_ws/build/vtol_estimation' returned '0': CMAKE_PREFIX_PATH=/opt/ros/humble /usr/bin/cmake --install /home/naserddinee0/vtol_ws/build/vtol_estimation
[7.134s] Level 1:colcon.colcon_core.environment:checking '/home/naserddinee0/vtol_ws/install/vtol_estimation' for CMake config files
[7.134s] Level 1:colcon.colcon_core.shell:create_environment_hook('vtol_estimation', 'cmake_prefix_path')
[7.134s] INFO:colcon.colcon_core.shell:Creating environment hook '/home/naserddinee0/vtol_ws/install/vtol_estimation/share/vtol_estimation/hook/cmake_prefix_path.ps1'
[7.135s] INFO:colcon.colcon_core.shell:Creating environment descriptor '/home/naserddinee0/vtol_ws/install/vtol_estimation/share/vtol_estimation/hook/cmake_prefix_path.dsv'
[7.135s] INFO:colcon.colcon_core.shell:Creating environment hook '/home/naserddinee0/vtol_ws/install/vtol_estimation/share/vtol_estimation/hook/cmake_prefix_path.sh'
[7.136s] Level 1:colcon.colcon_core.environment:checking '/home/naserddinee0/vtol_ws/install/vtol_estimation/bin'
[7.136s] Level 1:colcon.colcon_core.environment:checking '/home/naserddinee0/vtol_ws/install/vtol_estimation/lib/pkgconfig/vtol_estimation.pc'
[7.136s] Level 1:colcon.colcon_core.environment:checking '/home/naserddinee0/vtol_ws/install/vtol_estimation/lib/python3.10/site-packages'
[7.137s] Level 1:colcon.colcon_core.environment:checking '/home/naserddinee0/vtol_ws/install/vtol_estimation/bin'
[7.137s] INFO:colcon.colcon_core.shell:Creating package script '/home/naserddinee0/vtol_ws/install/vtol_estimation/share/vtol_estimation/package.ps1'
[7.138s] INFO:colcon.colcon_core.shell:Creating package descriptor '/home/naserddinee0/vtol_ws/install/vtol_estimation/share/vtol_estimation/package.dsv'
[7.138s] INFO:colcon.colcon_core.shell:Creating package script '/home/naserddinee0/vtol_ws/install/vtol_estimation/share/vtol_estimation/package.sh'
[7.139s] INFO:colcon.colcon_core.shell:Creating package script '/home/naserddinee0/vtol_ws/install/vtol_estimation/share/vtol_estimation/package.bash'
[7.139s] INFO:colcon.colcon_core.shell:Creating package script '/home/naserddinee0/vtol_ws/install/vtol_estimation/share/vtol_estimation/package.zsh'
[7.139s] Level 1:colcon.colcon_core.environment:create_file_with_runtime_dependencies(/home/naserddinee0/vtol_ws/install/vtol_estimation/share/colcon-core/packages/vtol_estimation)
[7.140s] Level 1:colcon.colcon_core.environment:create_environment_scripts_only(vtol_estimation)
[7.141s] Level 1:colcon.colcon_core.environment:checking '/home/naserddinee0/vtol_ws/install/vtol_estimation' for CMake module files
[7.141s] Level 1:colcon.colcon_core.environment:checking '/home/naserddinee0/vtol_ws/install/vtol_estimation' for CMake config files
[7.141s] Level 1:colcon.colcon_core.shell:create_environment_hook('vtol_estimation', 'cmake_prefix_path')
[7.142s] INFO:colcon.colcon_core.shell:Creating environment hook '/home/naserddinee0/vtol_ws/install/vtol_estimation/share/vtol_estimation/hook/cmake_prefix_path.ps1'
[7.142s] INFO:colcon.colcon_core.shell:Creating environment descriptor '/home/naserddinee0/vtol_ws/install/vtol_estimation/share/vtol_estimation/hook/cmake_prefix_path.dsv'
[7.142s] INFO:colcon.colcon_core.shell:Creating environment hook '/home/naserddinee0/vtol_ws/install/vtol_estimation/share/vtol_estimation/hook/cmake_prefix_path.sh'
[7.143s] Level 1:colcon.colcon_core.environment:checking '/home/naserddinee0/vtol_ws/install/vtol_estimation/bin'
[7.143s] Level 1:colcon.colcon_core.environment:checking '/home/naserddinee0/vtol_ws/install/vtol_estimation/lib/pkgconfig/vtol_estimation.pc'
[7.143s] Level 1:colcon.colcon_core.environment:checking '/home/naserddinee0/vtol_ws/install/vtol_estimation/lib/python3.10/site-packages'
[7.143s] Level 1:colcon.colcon_core.environment:checking '/home/naserddinee0/vtol_ws/install/vtol_estimation/bin'
[7.144s] INFO:colcon.colcon_core.shell:Creating package script '/home/naserddinee0/vtol_ws/install/vtol_estimation/share/vtol_estimation/package.ps1'
[7.144s] INFO:colcon.colcon_core.shell:Creating package descriptor '/home/naserddinee0/vtol_ws/install/vtol_estimation/share/vtol_estimation/package.dsv'
[7.145s] INFO:colcon.colcon_core.shell:Creating package script '/home/naserddinee0/vtol_ws/install/vtol_estimation/share/vtol_estimation/package.sh'
[7.145s] INFO:colcon.colcon_core.shell:Creating package script '/home/naserddinee0/vtol_ws/install/vtol_estimation/share/vtol_estimation/package.bash'
[7.146s] INFO:colcon.colcon_core.shell:Creating package script '/home/naserddinee0/vtol_ws/install/vtol_estimation/share/vtol_estimation/package.zsh'
[7.146s] Level 1:colcon.colcon_core.environment:create_file_with_runtime_dependencies(/home/naserddinee0/vtol_ws/install/vtol_estimation/share/colcon-core/packages/vtol_estimation)
[7.146s] DEBUG:colcon.colcon_core.executor.sequential:run_until_complete 'vtol_estimation' finished with '0'
[7.146s] DEBUG:colcon.colcon_core.executor.sequential:run_until_complete 'vtol_simulation'
[7.146s] INFO:colcon.colcon_ros.task.ament_cmake.build:Building ROS package in '/home/naserddinee0/vtol_ws/src/vtol_simulation' with build type 'ament_cmake'
[7.147s] INFO:colcon.colcon_cmake.task.cmake.build:Building CMake package in '/home/naserddinee0/vtol_ws/src/vtol_simulation'
[7.147s] INFO:colcon.colcon_core.shell:Skip shell extension 'powershell' for command environment: Not usable outside of PowerShell
[7.147s] DEBUG:colcon.colcon_core.shell:Skip shell extension 'dsv' for command environment
[7.158s] DEBUG:colcon.colcon_core.event_handler.log_command:Invoking command in '/home/naserddinee0/vtol_ws/build/vtol_simulation': CMAKE_PREFIX_PATH=/opt/ros/humble /usr/bin/cmake /home/naserddinee0/vtol_ws/src/vtol_simulation -DCMAKE_INSTALL_PREFIX=/home/naserddinee0/vtol_ws/install/vtol_simulation
[8.901s] DEBUG:colcon.colcon_core.event_handler.log_command:Invoked command in '/home/naserddinee0/vtol_ws/build/vtol_simulation' returned '0': CMAKE_PREFIX_PATH=/opt/ros/humble /usr/bin/cmake /home/naserddinee0/vtol_ws/src/vtol_simulation -DCMAKE_INSTALL_PREFIX=/home/naserddinee0/vtol_ws/install/vtol_simulation
[8.903s] DEBUG:colcon.colcon_core.event_handler.log_command:Invoking command in '/home/naserddinee0/vtol_ws/build/vtol_simulation': CMAKE_PREFIX_PATH=/opt/ros/humble /usr/bin/cmake --build /home/naserddinee0/vtol_ws/build/vtol_simulation -- -j8 -l8
[8.949s] DEBUG:colcon.colcon_core.event_handler.log_command:Invoked command in '/home/naserddinee0/vtol_ws/build/vtol_simulation' returned '0': CMAKE_PREFIX_PATH=/opt/ros/humble /usr/bin/cmake --build /home/naserddinee0/vtol_ws/build/vtol_simulation -- -j8 -l8
[8.952s] DEBUG:colcon.colcon_core.event_handler.log_command:Invoking command in '/home/naserddinee0/vtol_ws/build/vtol_simulation': CMAKE_PREFIX_PATH=/opt/ros/humble /usr/bin/cmake --install /home/naserddinee0/vtol_ws/build/vtol_simulation
[8.969s] Level 1:colcon.colcon_core.environment:create_environment_scripts_only(vtol_simulation)
[8.970s] DEBUG:colcon.colcon_core.event_handler.log_command:Invoked command in '/home/naserddinee0/vtol_ws/build/vtol_simulation' returned '0': CMAKE_PREFIX_PATH=/opt/ros/humble /usr/bin/cmake --install /home/naserddinee0/vtol_ws/build/vtol_simulation
[8.970s] Level 1:colcon.colcon_core.environment:checking '/home/naserddinee0/vtol_ws/install/vtol_simulation' for CMake module files
[8.971s] Level 1:colcon.colcon_core.environment:checking '/home/naserddinee0/vtol_ws/install/vtol_simulation' for CMake config files
[8.971s] Level 1:colcon.colcon_core.shell:create_environment_hook('vtol_simulation', 'cmake_prefix_path')
[8.971s] INFO:colcon.colcon_core.shell:Creating environment hook '/home/naserddinee0/vtol_ws/install/vtol_simulation/share/vtol_simulation/hook/cmake_prefix_path.ps1'
[8.972s] INFO:colcon.colcon_core.shell:Creating environment descriptor '/home/naserddinee0/vtol_ws/install/vtol_simulation/share/vtol_simulation/hook/cmake_prefix_path.dsv'
[8.973s] INFO:colcon.colcon_core.shell:Creating environment hook '/home/naserddinee0/vtol_ws/install/vtol_simulation/share/vtol_simulation/hook/cmake_prefix_path.sh'
[8.973s] Level 1:colcon.colcon_core.environment:checking '/home/naserddinee0/vtol_ws/install/vtol_simulation/bin'
[8.973s] Level 1:colcon.colcon_core.environment:checking '/home/naserddinee0/vtol_ws/install/vtol_simulation/lib/pkgconfig/vtol_simulation.pc'
[8.973s] Level 1:colcon.colcon_core.environment:checking '/home/naserddinee0/vtol_ws/install/vtol_simulation/lib/python3.10/site-packages'
[8.974s] Level 1:colcon.colcon_core.environment:checking '/home/naserddinee0/vtol_ws/install/vtol_simulation/bin'
[8.974s] INFO:colcon.colcon_core.shell:Creating package script '/home/naserddinee0/vtol_ws/install/vtol_simulation/share/vtol_simulation/package.ps1'
[8.974s] INFO:colcon.colcon_core.shell:Creating package descriptor '/home/naserddinee0/vtol_ws/install/vtol_simulation/share/vtol_simulation/package.dsv'
[8.975s] INFO:colcon.colcon_core.shell:Creating package script '/home/naserddinee0/vtol_ws/install/vtol_simulation/share/vtol_simulation/package.sh'
[8.975s] INFO:colcon.colcon_core.shell:Creating package script '/home/naserddinee0/vtol_ws/install/vtol_simulation/share/vtol_simulation/package.bash'
[8.976s] INFO:colcon.colcon_core.shell:Creating package script '/home/naserddinee0/vtol_ws/install/vtol_simulation/share/vtol_simulation/package.zsh'
[8.976s] Level 1:colcon.colcon_core.environment:create_file_with_runtime_dependencies(/home/naserddinee0/vtol_ws/install/vtol_simulation/share/colcon-core/packages/vtol_simulation)
[8.977s] Level 1:colcon.colcon_core.environment:create_environment_scripts_only(vtol_simulation)
[8.977s] Level 1:colcon.colcon_core.environment:checking '/home/naserddinee0/vtol_ws/install/vtol_simulation' for CMake module files
[8.978s] Level 1:colcon.colcon_core.environment:checking '/home/naserddinee0/vtol_ws/install/vtol_simulation' for CMake config files
[8.978s] Level 1:colcon.colcon_core.shell:create_environment_hook('vtol_simulation', 'cmake_prefix_path')
[8.979s] INFO:colcon.colcon_core.shell:Creating environment hook '/home/naserddinee0/vtol_ws/install/vtol_simulation/share/vtol_simulation/hook/cmake_prefix_path.ps1'
[8.979s] INFO:colcon.colcon_core.shell:Creating environment descriptor '/home/naserddinee0/vtol_ws/install/vtol_simulation/share/vtol_simulation/hook/cmake_prefix_path.dsv'
[8.980s] INFO:colcon.colcon_core.shell:Creating environment hook '/home/naserddinee0/vtol_ws/install/vtol_simulation/share/vtol_simulation/hook/cmake_prefix_path.sh'
[8.981s] Level 1:colcon.colcon_core.environment:checking '/home/naserddinee0/vtol_ws/install/vtol_simulation/bin'
[8.981s] Level 1:colcon.colcon_core.environment:checking '/home/naserddinee0/vtol_ws/install/vtol_simulation/lib/pkgconfig/vtol_simulation.pc'
[8.981s] Level 1:colcon.colcon_core.environment:checking '/home/naserddinee0/vtol_ws/install/vtol_simulation/lib/python3.10/site-packages'
[8.981s] Level 1:colcon.colcon_core.environment:checking '/home/naserddinee0/vtol_ws/install/vtol_simulation/bin'
[8.982s] INFO:colcon.colcon_core.shell:Creating package script '/home/naserddinee0/vtol_ws/install/vtol_simulation/share/vtol_simulation/package.ps1'
[8.982s] INFO:colcon.colcon_core.shell:Creating package descriptor '/home/naserddinee0/vtol_ws/install/vtol_simulation/share/vtol_simulation/package.dsv'
[8.983s] INFO:colcon.colcon_core.shell:Creating package script '/home/naserddinee0/vtol_ws/install/vtol_simulation/share/vtol_simulation/package.sh'
[8.983s] INFO:colcon.colcon_core.shell:Creating package script '/home/naserddinee0/vtol_ws/install/vtol_simulation/share/vtol_simulation/package.bash'
[8.984s] INFO:colcon.colcon_core.shell:Creating package script '/home/naserddinee0/vtol_ws/install/vtol_simulation/share/vtol_simulation/package.zsh'
[8.984s] Level 1:colcon.colcon_core.environment:create_file_with_runtime_dependencies(/home/naserddinee0/vtol_ws/install/vtol_simulation/share/colcon-core/packages/vtol_simulation)
[8.984s] DEBUG:colcon.colcon_core.executor.sequential:run_until_complete 'vtol_simulation' finished with '0'
[8.984s] DEBUG:colcon.colcon_core.executor.sequential:closing loop
[8.985s] DEBUG:colcon.colcon_core.executor.sequential:loop closed
[8.985s] DEBUG:colcon.colcon_core.event_reactor:joining thread
[9.049s] INFO:colcon.colcon_core.plugin_system:Skipping extension 'colcon_notification.desktop_notification.notify_send': Could not find 'notify-send'
[9.049s] INFO:colcon.colcon_core.plugin_system:Skipping extension 'colcon_notification.desktop_notification.terminal_notifier': Not used on non-Darwin systems
[9.049s] INFO:colcon.colcon_core.plugin_system:Skipping extension 'colcon_notification.desktop_notification.win32': Not used on non-Windows systems
[9.049s] INFO:colcon.colcon_notification.desktop_notification:Sending desktop notification using 'notify2'
[9.049s] DEBUG:colcon.colcon_notification.desktop_notification.notify2:Failed to initialize notify2: org.freedesktop.DBus.Error.FileNotFound: Failed to connect to socket /run/user/1000/bus: No such file or directory
[9.050s] DEBUG:colcon.colcon_core.event_reactor:joined thread
[9.050s] INFO:colcon.colcon_core.shell:Creating prefix script '/home/naserddinee0/vtol_ws/install/local_setup.ps1'
[9.057s] INFO:colcon.colcon_core.shell:Creating prefix util module '/home/naserddinee0/vtol_ws/install/_local_setup_util_ps1.py'
[9.060s] INFO:colcon.colcon_core.shell:Creating prefix chain script '/home/naserddinee0/vtol_ws/install/setup.ps1'
[9.062s] INFO:colcon.colcon_core.shell:Creating prefix script '/home/naserddinee0/vtol_ws/install/local_setup.sh'
[9.063s] INFO:colcon.colcon_core.shell:Creating prefix util module '/home/naserddinee0/vtol_ws/install/_local_setup_util_sh.py'
[9.064s] INFO:colcon.colcon_core.shell:Creating prefix chain script '/home/naserddinee0/vtol_ws/install/setup.sh'
[9.066s] INFO:colcon.colcon_core.shell:Creating prefix script '/home/naserddinee0/vtol_ws/install/local_setup.bash'
[9.067s] INFO:colcon.colcon_core.shell:Creating prefix chain script '/home/naserddinee0/vtol_ws/install/setup.bash'
[9.069s] INFO:colcon.colcon_core.shell:Creating prefix script '/home/naserddinee0/vtol_ws/install/local_setup.zsh'
[9.071s] INFO:colcon.colcon_core.shell:Creating prefix chain script '/home/naserddinee0/vtol_ws/install/setup.zsh'
