[0.012s] Invoking command in '/home/naserddinee0/vtol_ws/build/vtol_estimation': CMAKE_PREFIX_PATH=/opt/ros/humble /usr/bin/cmake /home/naserddinee0/vtol_ws/src/vtol_estimation -DCMAKE_INSTALL_PREFIX=/home/naserddinee0/vtol_ws/install/vtol_estimation
[0.157s] -- The C compiler identification is GNU 11.4.0
[0.648s] -- The CXX compiler identification is GNU 11.4.0
[1.020s] -- Detecting C compiler ABI info
[1.176s] -- Detecting C compiler ABI info - done
[1.183s] -- Check for working C compiler: /usr/bin/cc - skipped
[1.184s] -- Detecting C compile features
[1.184s] -- Detecting C compile features - done
[1.188s] -- Detecting CXX compiler ABI info
[1.371s] -- Detecting CXX compiler ABI info - done
[1.382s] -- Check for working CXX compiler: /usr/bin/c++ - skipped
[1.382s] -- Detecting CXX compile features
[1.383s] -- Detecting CXX compile features - done
[1.386s] -- Found ament_cmake: 1.3.12 (/opt/ros/humble/share/ament_cmake/cmake)
[1.560s] -- Found Python3: /usr/bin/python3 (found version "3.10.12") found components: Interpreter 
[1.673s] -- Found ament_lint_auto: 0.12.14 (/opt/ros/humble/share/ament_lint_auto/cmake)
[1.761s] -- Added test 'lint_cmake' to check CMake code style
[1.763s] -- Added test 'xmllint' to check XML markup files
[1.764s] -- Configuring done
[1.776s] -- Generating done
[1.779s] -- Build files have been written to: /home/naserddinee0/vtol_ws/build/vtol_estimation
[1.784s] Invoked command in '/home/naserddinee0/vtol_ws/build/vtol_estimation' returned '0': CMAKE_PREFIX_PATH=/opt/ros/humble /usr/bin/cmake /home/naserddinee0/vtol_ws/src/vtol_estimation -DCMAKE_INSTALL_PREFIX=/home/naserddinee0/vtol_ws/install/vtol_estimation
[1.786s] Invoking command in '/home/naserddinee0/vtol_ws/build/vtol_estimation': CMAKE_PREFIX_PATH=/opt/ros/humble /usr/bin/cmake --build /home/naserddinee0/vtol_ws/build/vtol_estimation -- -j8 -l8
[1.831s] Invoked command in '/home/naserddinee0/vtol_ws/build/vtol_estimation' returned '0': CMAKE_PREFIX_PATH=/opt/ros/humble /usr/bin/cmake --build /home/naserddinee0/vtol_ws/build/vtol_estimation -- -j8 -l8
[1.833s] Invoking command in '/home/naserddinee0/vtol_ws/build/vtol_estimation': CMAKE_PREFIX_PATH=/opt/ros/humble /usr/bin/cmake --install /home/naserddinee0/vtol_ws/build/vtol_estimation
[1.840s] -- Install configuration: ""
[1.842s] -- Installing: /home/naserddinee0/vtol_ws/install/vtol_estimation/share/ament_index/resource_index/package_run_dependencies/vtol_estimation
[1.843s] -- Installing: /home/naserddinee0/vtol_ws/install/vtol_estimation/share/ament_index/resource_index/parent_prefix_path/vtol_estimation
[1.844s] -- Installing: /home/naserddinee0/vtol_ws/install/vtol_estimation/share/vtol_estimation/environment/ament_prefix_path.sh
[1.844s] -- Installing: /home/naserddinee0/vtol_ws/install/vtol_estimation/share/vtol_estimation/environment/ament_prefix_path.dsv
[1.845s] -- Installing: /home/naserddinee0/vtol_ws/install/vtol_estimation/share/vtol_estimation/environment/path.sh
[1.845s] -- Installing: /home/naserddinee0/vtol_ws/install/vtol_estimation/share/vtol_estimation/environment/path.dsv
[1.845s] -- Installing: /home/naserddinee0/vtol_ws/install/vtol_estimation/share/vtol_estimation/local_setup.bash
[1.845s] -- Installing: /home/naserddinee0/vtol_ws/install/vtol_estimation/share/vtol_estimation/local_setup.sh
[1.845s] -- Installing: /home/naserddinee0/vtol_ws/install/vtol_estimation/share/vtol_estimation/local_setup.zsh
[1.846s] -- Installing: /home/naserddinee0/vtol_ws/install/vtol_estimation/share/vtol_estimation/local_setup.dsv
[1.846s] -- Installing: /home/naserddinee0/vtol_ws/install/vtol_estimation/share/vtol_estimation/package.dsv
[1.846s] -- Installing: /home/naserddinee0/vtol_ws/install/vtol_estimation/share/ament_index/resource_index/packages/vtol_estimation
[1.847s] -- Installing: /home/naserddinee0/vtol_ws/install/vtol_estimation/share/vtol_estimation/cmake/vtol_estimationConfig.cmake
[1.847s] -- Installing: /home/naserddinee0/vtol_ws/install/vtol_estimation/share/vtol_estimation/cmake/vtol_estimationConfig-version.cmake
[1.848s] -- Installing: /home/naserddinee0/vtol_ws/install/vtol_estimation/share/vtol_estimation/package.xml
[1.850s] Invoked command in '/home/naserddinee0/vtol_ws/build/vtol_estimation' returned '0': CMAKE_PREFIX_PATH=/opt/ros/humble /usr/bin/cmake --install /home/naserddinee0/vtol_ws/build/vtol_estimation
