[0.010s] Invoking command in '/home/naserddinee0/vtol_ws/build/vtol_simulation': CMAKE_PREFIX_PATH=/opt/ros/humble /usr/bin/cmake /home/naserddinee0/vtol_ws/src/vtol_simulation -DCMAKE_INSTALL_PREFIX=/home/naserddinee0/vtol_ws/install/vtol_simulation
[0.155s] -- The C compiler identification is GNU 11.4.0
[0.643s] -- The CXX compiler identification is GNU 11.4.0
[0.999s] -- Detecting C compiler ABI info
[1.179s] -- Detecting C compiler ABI info - done
[1.187s] -- Check for working C compiler: /usr/bin/cc - skipped
[1.188s] -- Detecting C compile features
[1.188s] -- Detecting C compile features - done
[1.192s] -- Detecting CXX compiler ABI info
[1.367s] -- Detecting CXX compiler ABI info - done
[1.376s] -- Check for working CXX compiler: /usr/bin/c++ - skipped
[1.376s] -- Detecting CXX compile features
[1.376s] -- Detecting CXX compile features - done
[1.379s] -- Found ament_cmake: 1.3.12 (/opt/ros/humble/share/ament_cmake/cmake)
[1.543s] -- Found Python3: /usr/bin/python3 (found version "3.10.12") found components: Interpreter 
[1.644s] -- Found ament_lint_auto: 0.12.14 (/opt/ros/humble/share/ament_lint_auto/cmake)
[1.735s] -- Added test 'lint_cmake' to check CMake code style
[1.737s] -- Added test 'xmllint' to check XML markup files
[1.738s] -- Configuring done
[1.745s] -- Generating done
[1.748s] -- Build files have been written to: /home/naserddinee0/vtol_ws/build/vtol_simulation
[1.753s] Invoked command in '/home/naserddinee0/vtol_ws/build/vtol_simulation' returned '0': CMAKE_PREFIX_PATH=/opt/ros/humble /usr/bin/cmake /home/naserddinee0/vtol_ws/src/vtol_simulation -DCMAKE_INSTALL_PREFIX=/home/naserddinee0/vtol_ws/install/vtol_simulation
[1.755s] Invoking command in '/home/naserddinee0/vtol_ws/build/vtol_simulation': CMAKE_PREFIX_PATH=/opt/ros/humble /usr/bin/cmake --build /home/naserddinee0/vtol_ws/build/vtol_simulation -- -j8 -l8
[1.801s] Invoked command in '/home/naserddinee0/vtol_ws/build/vtol_simulation' returned '0': CMAKE_PREFIX_PATH=/opt/ros/humble /usr/bin/cmake --build /home/naserddinee0/vtol_ws/build/vtol_simulation -- -j8 -l8
[1.804s] Invoking command in '/home/naserddinee0/vtol_ws/build/vtol_simulation': CMAKE_PREFIX_PATH=/opt/ros/humble /usr/bin/cmake --install /home/naserddinee0/vtol_ws/build/vtol_simulation
[1.812s] -- Install configuration: ""
[1.814s] -- Installing: /home/naserddinee0/vtol_ws/install/vtol_simulation/share/ament_index/resource_index/package_run_dependencies/vtol_simulation
[1.815s] -- Installing: /home/naserddinee0/vtol_ws/install/vtol_simulation/share/ament_index/resource_index/parent_prefix_path/vtol_simulation
[1.815s] -- Installing: /home/naserddinee0/vtol_ws/install/vtol_simulation/share/vtol_simulation/environment/ament_prefix_path.sh
[1.816s] -- Installing: /home/naserddinee0/vtol_ws/install/vtol_simulation/share/vtol_simulation/environment/ament_prefix_path.dsv
[1.816s] -- Installing: /home/naserddinee0/vtol_ws/install/vtol_simulation/share/vtol_simulation/environment/path.sh
[1.816s] -- Installing: /home/naserddinee0/vtol_ws/install/vtol_simulation/share/vtol_simulation/environment/path.dsv
[1.816s] -- Installing: /home/naserddinee0/vtol_ws/install/vtol_simulation/share/vtol_simulation/local_setup.bash
[1.817s] -- Installing: /home/naserddinee0/vtol_ws/install/vtol_simulation/share/vtol_simulation/local_setup.sh
[1.817s] -- Installing: /home/naserddinee0/vtol_ws/install/vtol_simulation/share/vtol_simulation/local_setup.zsh
[1.817s] -- Installing: /home/naserddinee0/vtol_ws/install/vtol_simulation/share/vtol_simulation/local_setup.dsv
[1.818s] -- Installing: /home/naserddinee0/vtol_ws/install/vtol_simulation/share/vtol_simulation/package.dsv
[1.818s] -- Installing: /home/naserddinee0/vtol_ws/install/vtol_simulation/share/ament_index/resource_index/packages/vtol_simulation
[1.819s] -- Installing: /home/naserddinee0/vtol_ws/install/vtol_simulation/share/vtol_simulation/cmake/vtol_simulationConfig.cmake
[1.819s] -- Installing: /home/naserddinee0/vtol_ws/install/vtol_simulation/share/vtol_simulation/cmake/vtol_simulationConfig-version.cmake
[1.819s] -- Installing: /home/naserddinee0/vtol_ws/install/vtol_simulation/share/vtol_simulation/package.xml
[1.822s] Invoked command in '/home/naserddinee0/vtol_ws/build/vtol_simulation' returned '0': CMAKE_PREFIX_PATH=/opt/ros/humble /usr/bin/cmake --install /home/naserddinee0/vtol_ws/build/vtol_simulation
